0 info it worked if it ends with ok
1 verbose cli [ '/usr/bin/node', '/usr/bin/npm', 'install', 'gulp' ]
2 info using npm@1.4.28
3 info using node@v0.10.37
4 verbose node symlink /usr/bin/node
5 warn package.json prontodrive@1.0.0 No repository field.
6 warn package.json prontodrive@1.0.0 No README data
7 verbose readDependencies using package.json deps
8 verbose cache add [ 'gulp@^3.5.6', null ]
9 verbose cache add name=undefined spec="gulp@^3.5.6" args=["gulp@^3.5.6",null]
10 verbose parsed url { protocol: null,
10 verbose parsed url   slashes: null,
10 verbose parsed url   auth: null,
10 verbose parsed url   host: null,
10 verbose parsed url   port: null,
10 verbose parsed url   hostname: null,
10 verbose parsed url   hash: null,
10 verbose parsed url   search: null,
10 verbose parsed url   query: null,
10 verbose parsed url   pathname: 'gulp@^3.5.6',
10 verbose parsed url   path: 'gulp@^3.5.6',
10 verbose parsed url   href: 'gulp@^3.5.6' }
11 verbose cache add name="gulp" spec="^3.5.6" args=["gulp","^3.5.6"]
12 verbose parsed url { protocol: null,
12 verbose parsed url   slashes: null,
12 verbose parsed url   auth: null,
12 verbose parsed url   host: null,
12 verbose parsed url   port: null,
12 verbose parsed url   hostname: null,
12 verbose parsed url   hash: null,
12 verbose parsed url   search: null,
12 verbose parsed url   query: null,
12 verbose parsed url   pathname: '^3.5.6',
12 verbose parsed url   path: '^3.5.6',
12 verbose parsed url   href: '^3.5.6' }
13 verbose addNamed [ 'gulp', '^3.5.6' ]
14 verbose addNamed [ null, '>=3.5.6-0 <4.0.0-0' ]
15 silly lockFile 28ac0b1b-gulp-3-5-6 gulp@^3.5.6
16 verbose lock gulp@^3.5.6 /home/tony/.npm/28ac0b1b-gulp-3-5-6.lock
17 silly addNameRange { name: 'gulp', range: '>=3.5.6-0 <4.0.0-0', hasData: false }
18 verbose request where is /gulp
19 verbose request registry http://registry.npmjs.org/
20 verbose request id 7d541a81d72704f7
21 verbose url raw /gulp
22 verbose url resolving [ 'http://registry.npmjs.org/', './gulp' ]
23 verbose url resolved http://registry.npmjs.org/gulp
24 verbose request where is http://registry.npmjs.org/gulp
25 info trying registry request attempt 1 at 10:32:41
26 verbose etag "ENZBRKG1DX559HI95M64XY79C"
27 http GET http://registry.npmjs.org/gulp
28 http 200 http://registry.npmjs.org/gulp
29 silly registry.get cb [ 200,
29 silly registry.get   { server: 'CouchDB/1.5.0 (Erlang OTP/R16B03)',
29 silly registry.get     etag: '"2X5ATHA7KRDSCMVJBQXHLHFP7"',
29 silly registry.get     'content-type': 'application/json',
29 silly registry.get     'cache-control': 'max-age=60',
29 silly registry.get     'content-length': '100693',
29 silly registry.get     'accept-ranges': 'bytes',
29 silly registry.get     date: 'Thu, 09 Apr 2015 07:32:38 GMT',
29 silly registry.get     via: '1.1 varnish',
29 silly registry.get     age: '8',
29 silly registry.get     connection: 'keep-alive',
29 silly registry.get     'x-served-by': 'cache-fra1220-FRA',
29 silly registry.get     'x-cache': 'HIT',
29 silly registry.get     'x-cache-hits': '1',
29 silly registry.get     'x-timer': 'S1428564758.530933,VS0,VE0',
29 silly registry.get     vary: 'Accept' } ]
30 silly addNameRange number 2 { name: 'gulp', range: '>=3.5.6-0 <4.0.0-0', hasData: true }
31 silly addNameRange versions [ 'gulp',
31 silly addNameRange   [ '0.0.1',
31 silly addNameRange     '0.0.2',
31 silly addNameRange     '0.0.3',
31 silly addNameRange     '0.0.4',
31 silly addNameRange     '0.0.5',
31 silly addNameRange     '0.0.7',
31 silly addNameRange     '0.0.8',
31 silly addNameRange     '0.0.9',
31 silly addNameRange     '0.1.0',
31 silly addNameRange     '0.2.0',
31 silly addNameRange     '1.0.0',
31 silly addNameRange     '1.1.0',
31 silly addNameRange     '1.2.0',
31 silly addNameRange     '1.2.1',
31 silly addNameRange     '2.0.0',
31 silly addNameRange     '2.0.1',
31 silly addNameRange     '2.1.0',
31 silly addNameRange     '2.2.0',
31 silly addNameRange     '2.3.0',
31 silly addNameRange     '2.4.0',
31 silly addNameRange     '2.4.1',
31 silly addNameRange     '2.6.0',
31 silly addNameRange     '2.6.1',
31 silly addNameRange     '2.7.0',
31 silly addNameRange     '3.0.0',
31 silly addNameRange     '3.1.1',
31 silly addNameRange     '3.1.2',
31 silly addNameRange     '3.1.3',
31 silly addNameRange     '3.1.4',
31 silly addNameRange     '3.2.0',
31 silly addNameRange     '3.2.1',
31 silly addNameRange     '3.2.2',
31 silly addNameRange     '3.2.3',
31 silly addNameRange     '3.2.4',
31 silly addNameRange     '3.2.5',
31 silly addNameRange     '3.3.0',
31 silly addNameRange     '3.3.1',
31 silly addNameRange     '3.3.2',
31 silly addNameRange     '3.3.4',
31 silly addNameRange     '3.4.0',
31 silly addNameRange     '3.5.0',
31 silly addNameRange     '3.5.1',
31 silly addNameRange     '3.5.2',
31 silly addNameRange     '3.5.5',
31 silly addNameRange     '3.5.6',
31 silly addNameRange     '3.6.0',
31 silly addNameRange     '3.6.1',
31 silly addNameRange     '3.6.2',
31 silly addNameRange     '3.7.0',
31 silly addNameRange     '3.8.0',
31 silly addNameRange     '3.8.1',
31 silly addNameRange     '3.8.2',
31 silly addNameRange     '3.8.3',
31 silly addNameRange     '3.8.4',
31 silly addNameRange     '3.8.5',
31 silly addNameRange     '3.8.6',
31 silly addNameRange     '3.8.7',
31 silly addNameRange     '3.8.8',
31 silly addNameRange     '3.8.9',
31 silly addNameRange     '3.8.10',
31 silly addNameRange     '3.8.11' ] ]
32 verbose addNamed [ 'gulp', '3.8.11' ]
33 verbose addNamed [ '3.8.11', '3.8.11' ]
34 silly lockFile 3d31ec08-gulp-3-8-11 gulp@3.8.11
35 verbose lock gulp@3.8.11 /home/tony/.npm/3d31ec08-gulp-3-8-11.lock
36 silly lockFile 72eecb1c-y-npmjs-org-gulp-gulp-3-8-11-tgz http://registry.npmjs.org/gulp/-/gulp-3.8.11.tgz
37 verbose lock http://registry.npmjs.org/gulp/-/gulp-3.8.11.tgz /home/tony/.npm/72eecb1c-y-npmjs-org-gulp-gulp-3-8-11-tgz.lock
38 verbose addRemoteTarball [ 'http://registry.npmjs.org/gulp/-/gulp-3.8.11.tgz',
38 verbose addRemoteTarball   'd557e0a7283eb4136491969b0497767972f1d28a' ]
39 info retry fetch attempt 1 at 10:32:42
40 verbose fetch to= /tmp/npm-18424-3_avP3Ox/registry.npmjs.org/gulp/-/gulp-3.8.11.tgz
41 http GET http://registry.npmjs.org/gulp/-/gulp-3.8.11.tgz
42 http 200 http://registry.npmjs.org/gulp/-/gulp-3.8.11.tgz
43 silly lockFile 72eecb1c-y-npmjs-org-gulp-gulp-3-8-11-tgz http://registry.npmjs.org/gulp/-/gulp-3.8.11.tgz
44 silly lockFile 72eecb1c-y-npmjs-org-gulp-gulp-3-8-11-tgz http://registry.npmjs.org/gulp/-/gulp-3.8.11.tgz
45 silly lockFile 3d31ec08-gulp-3-8-11 gulp@3.8.11
46 silly lockFile 3d31ec08-gulp-3-8-11 gulp@3.8.11
47 silly lockFile 28ac0b1b-gulp-3-5-6 gulp@^3.5.6
48 silly lockFile 28ac0b1b-gulp-3-5-6 gulp@^3.5.6
49 error Error: EACCES, mkdir '/home/tony/.npm/gulp/3.8.11'
49 error  { [Error: EACCES, mkdir '/home/tony/.npm/gulp/3.8.11']
49 error   errno: 3,
49 error   code: 'EACCES',
49 error   path: '/home/tony/.npm/gulp/3.8.11',
49 error   parent: 'prontodrive' }
50 error Please try running this command again as root/Administrator.
51 error System Linux 3.13.0-48-generic
52 error command "/usr/bin/node" "/usr/bin/npm" "install" "gulp"
53 error cwd /home/tony/projects/ProntoDriveMobile/v1/ProntoDrive
54 error node -v v0.10.37
55 error npm -v 1.4.28
56 error path /home/tony/.npm/gulp/3.8.11
57 error code EACCES
58 error errno 3
59 error stack Error: EACCES, mkdir '/home/tony/.npm/gulp/3.8.11'
60 verbose exit [ 3, true ]
